2026-01-18 18:11:06,317 - data_preprocessing - DEBUG - Data loaded properly
2026-01-18 18:11:06,317 - data_preprocessing - DEBUG - Starting preprocessing for DataFrame
2026-01-18 18:11:06,317 - data_preprocessing - DEBUG - Target column encoded
2026-01-18 18:11:06,333 - data_preprocessing - DEBUG - Duplicates removed
2026-01-18 18:11:06,339 - data_preprocessing - ERROR - Error during text normalization: 
**********************************************************************
  Resource [93mpunkt_tab[0m not found.
  Please use the NLTK Downloader to obtain the resource:

  [31m>>> import nltk
  >>> nltk.download('punkt_tab')
  [0m
  For more information see: https://www.nltk.org/data.html

  Attempted to load [93mtokenizers/punkt_tab/english/[0m

  Searched in:
    - 'C:\\Users\\Precision 7550/nltk_data'
    - 'C:\\Users\\Precision 7550\\Desktop\\MLOps\\MLOps_project_5_Capstone_project\\venv\\nltk_data'
    - 'C:\\Users\\Precision 7550\\Desktop\\MLOps\\MLOps_project_5_Capstone_project\\venv\\share\\nltk_data'
    - 'C:\\Users\\Precision 7550\\Desktop\\MLOps\\MLOps_project_5_Capstone_project\\venv\\lib\\nltk_data'
    - 'C:\\Users\\Precision 7550\\AppData\\Roaming\\nltk_data'
    - 'C:\\nltk_data'
    - 'D:\\nltk_data'
    - 'E:\\nltk_data'
**********************************************************************

2026-01-18 18:11:06,341 - data_preprocessing - ERROR - Failed to complete the data transformation process: 
**********************************************************************
  Resource [93mpunkt_tab[0m not found.
  Please use the NLTK Downloader to obtain the resource:

  [31m>>> import nltk
  >>> nltk.download('punkt_tab')
  [0m
  For more information see: https://www.nltk.org/data.html

  Attempted to load [93mtokenizers/punkt_tab/english/[0m

  Searched in:
    - 'C:\\Users\\Precision 7550/nltk_data'
    - 'C:\\Users\\Precision 7550\\Desktop\\MLOps\\MLOps_project_5_Capstone_project\\venv\\nltk_data'
    - 'C:\\Users\\Precision 7550\\Desktop\\MLOps\\MLOps_project_5_Capstone_project\\venv\\share\\nltk_data'
    - 'C:\\Users\\Precision 7550\\Desktop\\MLOps\\MLOps_project_5_Capstone_project\\venv\\lib\\nltk_data'
    - 'C:\\Users\\Precision 7550\\AppData\\Roaming\\nltk_data'
    - 'C:\\nltk_data'
    - 'D:\\nltk_data'
    - 'E:\\nltk_data'
**********************************************************************

2026-01-18 18:11:42,386 - data_preprocessing - DEBUG - Data loaded properly
2026-01-18 18:11:42,386 - data_preprocessing - DEBUG - Starting preprocessing for DataFrame
2026-01-18 18:11:42,388 - data_preprocessing - DEBUG - Target column encoded
2026-01-18 18:11:42,390 - data_preprocessing - DEBUG - Duplicates removed
2026-01-18 18:11:42,393 - data_preprocessing - ERROR - Error during text normalization: 
**********************************************************************
  Resource [93mpunkt_tab[0m not found.
  Please use the NLTK Downloader to obtain the resource:

  [31m>>> import nltk
  >>> nltk.download('punkt_tab')
  [0m
  For more information see: https://www.nltk.org/data.html

  Attempted to load [93mtokenizers/punkt_tab/english/[0m

  Searched in:
    - 'C:\\Users\\Precision 7550/nltk_data'
    - 'C:\\Users\\Precision 7550\\Desktop\\MLOps\\MLOps_project_5_Capstone_project\\venv\\nltk_data'
    - 'C:\\Users\\Precision 7550\\Desktop\\MLOps\\MLOps_project_5_Capstone_project\\venv\\share\\nltk_data'
    - 'C:\\Users\\Precision 7550\\Desktop\\MLOps\\MLOps_project_5_Capstone_project\\venv\\lib\\nltk_data'
    - 'C:\\Users\\Precision 7550\\AppData\\Roaming\\nltk_data'
    - 'C:\\nltk_data'
    - 'D:\\nltk_data'
    - 'E:\\nltk_data'
**********************************************************************

2026-01-18 18:11:42,394 - data_preprocessing - ERROR - Failed to complete the data transformation process: 
**********************************************************************
  Resource [93mpunkt_tab[0m not found.
  Please use the NLTK Downloader to obtain the resource:

  [31m>>> import nltk
  >>> nltk.download('punkt_tab')
  [0m
  For more information see: https://www.nltk.org/data.html

  Attempted to load [93mtokenizers/punkt_tab/english/[0m

  Searched in:
    - 'C:\\Users\\Precision 7550/nltk_data'
    - 'C:\\Users\\Precision 7550\\Desktop\\MLOps\\MLOps_project_5_Capstone_project\\venv\\nltk_data'
    - 'C:\\Users\\Precision 7550\\Desktop\\MLOps\\MLOps_project_5_Capstone_project\\venv\\share\\nltk_data'
    - 'C:\\Users\\Precision 7550\\Desktop\\MLOps\\MLOps_project_5_Capstone_project\\venv\\lib\\nltk_data'
    - 'C:\\Users\\Precision 7550\\AppData\\Roaming\\nltk_data'
    - 'C:\\nltk_data'
    - 'D:\\nltk_data'
    - 'E:\\nltk_data'
**********************************************************************

2026-01-18 18:13:21,295 - data_preprocessing - DEBUG - Data loaded properly
2026-01-18 18:13:21,296 - data_preprocessing - DEBUG - Starting preprocessing for DataFrame
2026-01-18 18:13:21,297 - data_preprocessing - DEBUG - Target column encoded
2026-01-18 18:13:21,299 - data_preprocessing - DEBUG - Duplicates removed
2026-01-18 18:13:39,429 - data_preprocessing - DEBUG - Text column transformed
2026-01-18 18:13:39,430 - data_preprocessing - DEBUG - Starting preprocessing for DataFrame
2026-01-18 18:13:39,430 - data_preprocessing - DEBUG - Target column encoded
2026-01-18 18:13:39,431 - data_preprocessing - DEBUG - Duplicates removed
2026-01-18 18:13:43,805 - data_preprocessing - DEBUG - Text column transformed
2026-01-18 18:13:43,816 - data_preprocessing - DEBUG - Processed data saved to ./data\interim
